2025-12-13 00:56:15,500 INFO o.a.j.u.JMeterUtils: Setting Locale to en_EN
2025-12-13 00:56:15,531 INFO o.a.j.JMeter: Loading user properties from: C:\apache-jmeter-5.6.3\bin\user.properties
2025-12-13 00:56:15,552 INFO o.a.j.JMeter: Loading system properties from: C:\apache-jmeter-5.6.3\bin\system.properties
2025-12-13 00:56:15,558 INFO o.a.j.JMeter: Copyright (c) 1998-2024 The Apache Software Foundation
2025-12-13 00:56:15,559 INFO o.a.j.JMeter: Version 5.6.3
2025-12-13 00:56:15,559 INFO o.a.j.JMeter: java.version=25.0.1
2025-12-13 00:56:15,559 INFO o.a.j.JMeter: java.vm.name=Java HotSpot(TM) 64-Bit Server VM
2025-12-13 00:56:15,559 INFO o.a.j.JMeter: os.name=Windows 11
2025-12-13 00:56:15,559 INFO o.a.j.JMeter: os.arch=amd64
2025-12-13 00:56:15,559 INFO o.a.j.JMeter: os.version=10.0
2025-12-13 00:56:15,559 INFO o.a.j.JMeter: file.encoding=UTF-8
2025-12-13 00:56:15,559 INFO o.a.j.JMeter: java.awt.headless=true
2025-12-13 00:56:15,559 INFO o.a.j.JMeter: Max memory     =1073741824
2025-12-13 00:56:15,559 INFO o.a.j.JMeter: Available Processors =16
2025-12-13 00:56:15,572 INFO o.a.j.JMeter: Default Locale=English (EN)
2025-12-13 00:56:15,572 INFO o.a.j.JMeter: JMeter  Locale=English (EN)
2025-12-13 00:56:15,572 INFO o.a.j.JMeter: JMeterHome=C:\apache-jmeter-5.6.3
2025-12-13 00:56:15,572 INFO o.a.j.JMeter: user.dir  =C:\Users\Tumki\OneDrive\Документи\GitHub\JavaATProject
2025-12-13 00:56:15,572 INFO o.a.j.JMeter: PWD       =C:\Users\Tumki\OneDrive\Документи\GitHub\JavaATProject
2025-12-13 00:56:20,532 INFO o.a.j.JMeter: IP: 192.168.56.1 Name: AsusROG FullName: AsusROG
2025-12-13 00:56:20,551 INFO o.a.j.JMeter: Setting property 'jmeter.reportgenerator.outputdir' to:'C:\Users\Tumki\OneDrive\Документи\GitHub\JavaATProject\jmeter-report'
2025-12-13 00:56:20,555 INFO o.a.j.s.FileServer: Default base='C:\Users\Tumki\OneDrive\Документи\GitHub\JavaATProject'
2025-12-13 00:56:20,556 INFO o.a.j.s.FileServer: Set new base='C:\Users\Tumki\OneDrive\Документи\GitHub\JavaATProject\src\test\resources\jmeter'
2025-12-13 00:56:20,998 INFO o.a.j.s.SaveService: Testplan (JMX) version: 2.2. Testlog (JTL) version: 2.2
2025-12-13 00:56:21,055 INFO o.a.j.s.SaveService: Using SaveService properties version 5.0
2025-12-13 00:56:21,061 INFO o.a.j.s.SaveService: Using SaveService properties file encoding UTF-8
2025-12-13 00:56:21,068 INFO o.a.j.s.SaveService: Loading file: C:\Users\Tumki\OneDrive\Документи\GitHub\JavaATProject\src\test\resources\jmeter\opencart_load_test.jmx
2025-12-13 00:56:21,181 INFO o.a.j.p.h.s.HTTPSamplerBase: Parser for text/html is org.apache.jmeter.protocol.http.parser.LagartoBasedHtmlParser
2025-12-13 00:56:21,181 INFO o.a.j.p.h.s.HTTPSamplerBase: Parser for application/xhtml+xml is org.apache.jmeter.protocol.http.parser.LagartoBasedHtmlParser
2025-12-13 00:56:21,181 INFO o.a.j.p.h.s.HTTPSamplerBase: Parser for application/xml is org.apache.jmeter.protocol.http.parser.LagartoBasedHtmlParser
2025-12-13 00:56:21,181 INFO o.a.j.p.h.s.HTTPSamplerBase: Parser for text/xml is org.apache.jmeter.protocol.http.parser.LagartoBasedHtmlParser
2025-12-13 00:56:21,181 INFO o.a.j.p.h.s.HTTPSamplerBase: Parser for text/vnd.wap.wml is org.apache.jmeter.protocol.http.parser.RegexpHTMLParser
2025-12-13 00:56:21,181 INFO o.a.j.p.h.s.HTTPSamplerBase: Parser for text/css is org.apache.jmeter.protocol.http.parser.CssParser
2025-12-13 00:56:21,224 INFO o.a.j.JMeter: Creating summariser <summary>
2025-12-13 00:56:21,230 INFO o.a.j.r.d.ReportGenerator: ReportGenerator will use for Parsing the separator: ','
2025-12-13 00:56:21,231 INFO o.a.j.r.d.ReportGenerator: Will generate report at end of test from  results file: C:\Users\Tumki\OneDrive\Документи\GitHub\JavaATProject\jmeter-results.jtl
2025-12-13 00:56:21,231 INFO o.a.j.r.d.ReportGenerator: Reading report generator properties from: C:\apache-jmeter-5.6.3\bin\reportgenerator.properties
2025-12-13 00:56:21,249 INFO o.a.j.r.d.ReportGenerator: Merging with JMeter properties
2025-12-13 00:56:21,256 INFO o.a.j.r.c.ReportGeneratorConfiguration: Property 'jmeter.reportgenerator.temp_dir' not found, using default value 'temp' instead.
2025-12-13 00:56:21,260 INFO o.a.j.r.c.ReportGeneratorConfiguration: Property 'jmeter.reportgenerator.apdex_per_transaction' not found, using default value 'null' instead.
2025-12-13 00:56:21,260 INFO o.a.j.r.c.ReportGeneratorConfiguration: apdex_per_transaction is empty, not APDEX per transaction customization
2025-12-13 00:56:21,260 INFO o.a.j.r.c.ReportGeneratorConfiguration: Property 'jmeter.reportgenerator.sample_filter' not found, using default value 'null' instead.
2025-12-13 00:56:21,261 INFO o.a.j.r.c.ReportGeneratorConfiguration: Property 'jmeter.reportgenerator.report_title' not found, using default value 'null' instead.
2025-12-13 00:56:21,261 INFO o.a.j.r.c.ReportGeneratorConfiguration: Property 'jmeter.reportgenerator.start_date' not found, using default value 'null' instead.
2025-12-13 00:56:21,261 INFO o.a.j.r.c.ReportGeneratorConfiguration: Property 'jmeter.reportgenerator.end_date' not found, using default value 'null' instead.
2025-12-13 00:56:21,262 INFO o.a.j.r.c.ReportGeneratorConfiguration: Property 'jmeter.reportgenerator.date_format' not found, using default value 'null' instead.
2025-12-13 00:56:21,262 INFO o.a.j.r.c.ReportGeneratorConfiguration: Will use date range start date: null, end date: null
2025-12-13 00:56:21,266 INFO o.a.j.r.c.ReportGeneratorConfiguration: Property 'jmeter.reportgenerator.graph.totalTPS.exclude_controllers' not found, using default value 'false' instead.
2025-12-13 00:56:21,267 INFO o.a.j.r.c.ReportGeneratorConfiguration: Property 'jmeter.reportgenerator.graph.activeThreadsOverTime.exclude_controllers' not found, using default value 'false' instead.
2025-12-13 00:56:21,267 INFO o.a.j.r.c.ReportGeneratorConfiguration: Property 'jmeter.reportgenerator.graph.timeVsThreads.exclude_controllers' not found, using default value 'false' instead.
2025-12-13 00:56:21,267 INFO o.a.j.r.c.ReportGeneratorConfiguration: Property 'jmeter.reportgenerator.graph.responseTimeDistribution.exclude_controllers' not found, using default value 'false' instead.
2025-12-13 00:56:21,268 INFO o.a.j.r.c.ReportGeneratorConfiguration: Property 'jmeter.reportgenerator.graph.transactionsPerSecond.exclude_controllers' not found, using default value 'false' instead.
2025-12-13 00:56:21,268 INFO o.a.j.r.c.ReportGeneratorConfiguration: Property 'jmeter.reportgenerator.graph.responseTimePercentiles.exclude_controllers' not found, using default value 'false' instead.
2025-12-13 00:56:21,269 INFO o.a.j.r.c.ReportGeneratorConfiguration: Property 'jmeter.reportgenerator.graph.responseTimePercentilesOverTime.exclude_controllers' not found, using default value 'false' instead.
2025-12-13 00:56:21,269 INFO o.a.j.r.c.ReportGeneratorConfiguration: Property 'jmeter.reportgenerator.graph.responseTimesOverTime.exclude_controllers' not found, using default value 'false' instead.
2025-12-13 00:56:21,269 INFO o.a.j.r.c.ReportGeneratorConfiguration: Property 'jmeter.reportgenerator.graph.connectTimeOverTime.exclude_controllers' not found, using default value 'false' instead.
2025-12-13 00:56:21,269 INFO o.a.j.r.c.ReportGeneratorConfiguration: Property 'jmeter.reportgenerator.graph.latenciesOverTime.exclude_controllers' not found, using default value 'false' instead.
2025-12-13 00:56:21,270 INFO o.a.j.r.c.ReportGeneratorConfiguration: Property 'jmeter.reportgenerator.exporter.json.filters_only_sample_series' not found, using default value 'true' instead.
2025-12-13 00:56:21,270 INFO o.a.j.r.c.ReportGeneratorConfiguration: Property 'jmeter.reportgenerator.exporter.json.series_filter' not found, using default value '' instead.
2025-12-13 00:56:21,270 INFO o.a.j.r.c.ReportGeneratorConfiguration: Property 'jmeter.reportgenerator.exporter.json.show_controllers_only' not found, using default value 'false' instead.
2025-12-13 00:56:21,271 INFO o.a.j.r.c.ReportGeneratorConfiguration: Property 'jmeter.reportgenerator.exporter.html.filters_only_sample_series' not found, using default value 'true' instead.
2025-12-13 00:56:21,271 INFO o.a.j.r.c.ReportGeneratorConfiguration: Property 'jmeter.reportgenerator.exporter.html.series_filter' not found, using default value '' instead.
2025-12-13 00:56:21,271 INFO o.a.j.r.c.ReportGeneratorConfiguration: Property 'jmeter.reportgenerator.exporter.html.show_controllers_only' not found, using default value 'false' instead.
2025-12-13 00:56:21,287 INFO o.a.j.e.StandardJMeterEngine: Running the test!
2025-12-13 00:56:21,287 INFO o.a.j.s.SampleEvent: List of sample_variables: []
2025-12-13 00:56:21,287 INFO o.a.j.s.SampleEvent: List of sample_variables: []
2025-12-13 00:56:21,294 INFO o.a.j.e.u.CompoundVariable: Note: Function class names must contain the string: '.functions.'
2025-12-13 00:56:21,294 INFO o.a.j.e.u.CompoundVariable: Note: Function class names must not contain the string: '.gui.'
2025-12-13 00:56:21,408 INFO o.a.j.JMeter: Running test (1765580181408)
2025-12-13 00:56:21,433 INFO o.a.j.e.StandardJMeterEngine: Starting ThreadGroup: 1 : 1. Browse Products
2025-12-13 00:56:21,433 INFO o.a.j.e.StandardJMeterEngine: Starting 10 threads for group 1. Browse Products.
2025-12-13 00:56:21,433 INFO o.a.j.e.StandardJMeterEngine: Thread will continue on error
2025-12-13 00:56:21,434 INFO o.a.j.t.ThreadGroup: Starting thread group... number=1 threads=10 ramp-up=60 delayedStart=false
2025-12-13 00:56:21,444 INFO o.a.j.t.JMeterThread: Thread started: 1. Browse Products 1-1
2025-12-13 00:56:21,449 INFO o.a.j.t.ThreadGroup: Started thread group number 1
2025-12-13 00:56:21,449 INFO o.a.j.e.StandardJMeterEngine: Starting ThreadGroup: 2 : 2. Search Products
2025-12-13 00:56:21,449 INFO o.a.j.e.StandardJMeterEngine: Starting 15 threads for group 2. Search Products.
2025-12-13 00:56:21,449 INFO o.a.j.e.StandardJMeterEngine: Thread will continue on error
2025-12-13 00:56:21,450 INFO o.a.j.t.ThreadGroup: Starting thread group... number=2 threads=15 ramp-up=60 delayedStart=false
2025-12-13 00:56:21,451 INFO o.a.j.t.JMeterThread: Thread started: 2. Search Products 2-1
2025-12-13 00:56:21,459 INFO o.a.j.t.ThreadGroup: Started thread group number 2
2025-12-13 00:56:21,459 INFO o.a.j.e.StandardJMeterEngine: Starting ThreadGroup: 3 : 3. Add to Cart Flow
2025-12-13 00:56:21,459 INFO o.a.j.e.StandardJMeterEngine: Starting 5 threads for group 3. Add to Cart Flow.
2025-12-13 00:56:21,459 INFO o.a.j.e.StandardJMeterEngine: Thread will continue on error
2025-12-13 00:56:21,460 INFO o.a.j.t.ThreadGroup: Starting thread group... number=3 threads=5 ramp-up=30 delayedStart=false
2025-12-13 00:56:21,461 INFO o.a.j.t.JMeterThread: Thread started: 3. Add to Cart Flow 3-1
2025-12-13 00:56:21,463 INFO o.a.j.t.ThreadGroup: Started thread group number 3
2025-12-13 00:56:21,463 INFO o.a.j.e.StandardJMeterEngine: All thread groups have been started
2025-12-13 00:56:23,477 INFO o.a.j.p.h.s.HTTPHCAbstractImpl: Local host = AsusROG
2025-12-13 00:56:23,485 INFO o.a.j.p.h.s.HTTPHC4Impl: HTTP request retry count = 0
2025-12-13 00:56:23,487 INFO o.a.j.s.SampleResult: Note: Sample TimeStamps are START times
2025-12-13 00:56:23,487 INFO o.a.j.s.SampleResult: sampleresult.default.encoding is set to UTF-8
2025-12-13 00:56:23,487 INFO o.a.j.s.SampleResult: sampleresult.useNanoTime=true
2025-12-13 00:56:23,487 INFO o.a.j.s.SampleResult: sampleresult.nanoThreadSleep=5000
2025-12-13 00:56:25,455 INFO o.a.j.t.JMeterThread: Thread started: 2. Search Products 2-2
2025-12-13 00:56:27,453 INFO o.a.j.t.JMeterThread: Thread started: 1. Browse Products 1-2
2025-12-13 00:56:27,469 INFO o.a.j.t.JMeterThread: Thread started: 3. Add to Cart Flow 3-2
2025-12-13 00:56:29,463 INFO o.a.j.t.JMeterThread: Thread started: 2. Search Products 2-3
2025-12-13 00:56:30,803 INFO o.a.j.r.Summariser: summary +     10 in 00:00:09 =    1.1/s Avg:   443 Min:   168 Max:   630 Err:     0 (0.00%) Active: 7 Started: 7 Finished: 0
2025-12-13 00:56:33,445 INFO o.a.j.t.JMeterThread: Thread started: 1. Browse Products 1-3
2025-12-13 00:56:33,463 INFO o.a.j.t.JMeterThread: Thread started: 2. Search Products 2-4
2025-12-13 00:56:33,477 INFO o.a.j.t.JMeterThread: Thread started: 3. Add to Cart Flow 3-3
2025-12-13 00:56:37,453 INFO o.a.j.t.JMeterThread: Thread started: 2. Search Products 2-5
2025-12-13 00:56:39,449 INFO o.a.j.t.JMeterThread: Thread started: 1. Browse Products 1-4
2025-12-13 00:56:39,464 INFO o.a.j.t.JMeterThread: Thread started: 3. Add to Cart Flow 3-4
2025-12-13 00:56:41,463 INFO o.a.j.t.JMeterThread: Thread started: 2. Search Products 2-6
2025-12-13 00:56:45,437 INFO o.a.j.t.JMeterThread: Thread started: 1. Browse Products 1-5
2025-12-13 00:56:45,452 INFO o.a.j.t.JMeterThread: Thread started: 2. Search Products 2-7
2025-12-13 00:56:45,468 INFO o.a.j.t.JMeterThread: Thread started: 3. Add to Cart Flow 3-5
2025-12-13 00:56:49,461 INFO o.a.j.t.JMeterThread: Thread started: 2. Search Products 2-8
2025-12-13 00:56:51,441 INFO o.a.j.t.JMeterThread: Thread started: 1. Browse Products 1-6
2025-12-13 00:56:53,467 INFO o.a.j.t.JMeterThread: Thread started: 2. Search Products 2-9
2025-12-13 00:56:57,442 INFO o.a.j.t.JMeterThread: Thread started: 1. Browse Products 1-7
2025-12-13 00:56:57,457 INFO o.a.j.t.JMeterThread: Thread started: 2. Search Products 2-10
2025-12-13 00:57:00,002 INFO o.a.j.r.Summariser: summary +    140 in 00:00:29 =    4.8/s Avg:   359 Min:    68 Max:   584 Err:     0 (0.00%) Active: 22 Started: 22 Finished: 0
2025-12-13 00:57:00,002 INFO o.a.j.r.Summariser: summary =    150 in 00:00:39 =    3.9/s Avg:   365 Min:    68 Max:   630 Err:     0 (0.00%)
2025-12-13 00:57:01,453 INFO o.a.j.t.JMeterThread: Thread started: 2. Search Products 2-11
2025-12-13 00:57:03,438 INFO o.a.j.t.JMeterThread: Thread started: 1. Browse Products 1-8
2025-12-13 00:57:05,461 INFO o.a.j.t.JMeterThread: Thread started: 2. Search Products 2-12
2025-12-13 00:57:09,437 INFO o.a.j.t.JMeterThread: Thread started: 1. Browse Products 1-9
2025-12-13 00:57:09,453 INFO o.a.j.t.JMeterThread: Thread started: 2. Search Products 2-13
2025-12-13 00:57:13,457 INFO o.a.j.t.JMeterThread: Thread started: 2. Search Products 2-14
2025-12-13 00:57:15,441 INFO o.a.j.t.JMeterThread: Thread started: 1. Browse Products 1-10
2025-12-13 00:57:17,465 INFO o.a.j.t.JMeterThread: Thread started: 2. Search Products 2-15
2025-12-13 00:57:30,071 INFO o.a.j.r.Summariser: summary +    272 in 00:00:30 =    9.0/s Avg:   396 Min:    68 Max:   670 Err:     0 (0.00%) Active: 30 Started: 30 Finished: 0
2025-12-13 00:57:30,072 INFO o.a.j.r.Summariser: summary =    422 in 00:01:09 =    6.1/s Avg:   385 Min:    68 Max:   670 Err:     0 (0.00%)
2025-12-13 00:58:00,006 INFO o.a.j.r.Summariser: summary +    301 in 00:00:30 =   10.1/s Avg:   407 Min:    69 Max:   796 Err:     0 (0.00%) Active: 30 Started: 30 Finished: 0
2025-12-13 00:58:00,006 INFO o.a.j.r.Summariser: summary =    723 in 00:01:39 =    7.3/s Avg:   394 Min:    68 Max:   796 Err:     0 (0.00%)
2025-12-13 00:58:30,103 INFO o.a.j.r.Summariser: summary +    299 in 00:00:30 =    9.9/s Avg:   427 Min:    68 Max:   828 Err:     0 (0.00%) Active: 30 Started: 30 Finished: 0
2025-12-13 00:58:30,104 INFO o.a.j.r.Summariser: summary =   1022 in 00:02:09 =    7.9/s Avg:   404 Min:    68 Max:   828 Err:     0 (0.00%)
2025-12-13 00:59:00,023 INFO o.a.j.r.Summariser: summary +    300 in 00:00:30 =   10.0/s Avg:   413 Min:    70 Max:   843 Err:     0 (0.00%) Active: 30 Started: 30 Finished: 0
2025-12-13 00:59:00,023 INFO o.a.j.r.Summariser: summary =   1322 in 00:02:39 =    8.3/s Avg:   406 Min:    68 Max:   843 Err:     0 (0.00%)
2025-12-13 00:59:30,013 INFO o.a.j.r.Summariser: summary +    295 in 00:00:30 =    9.8/s Avg:   436 Min:    68 Max:  1172 Err:     0 (0.00%) Active: 30 Started: 30 Finished: 0
2025-12-13 00:59:30,015 INFO o.a.j.r.Summariser: summary =   1617 in 00:03:09 =    8.6/s Avg:   411 Min:    68 Max:  1172 Err:     0 (0.00%)
2025-12-13 01:00:00,111 INFO o.a.j.r.Summariser: summary +    299 in 00:00:30 =    9.9/s Avg:   454 Min:    66 Max:   937 Err:     0 (0.00%) Active: 30 Started: 30 Finished: 0
2025-12-13 01:00:00,111 INFO o.a.j.r.Summariser: summary =   1916 in 00:03:39 =    8.8/s Avg:   418 Min:    66 Max:  1172 Err:     0 (0.00%)
2025-12-13 01:00:30,072 INFO o.a.j.r.Summariser: summary +    298 in 00:00:30 =    9.9/s Avg:   431 Min:    69 Max:   731 Err:     0 (0.00%) Active: 30 Started: 30 Finished: 0
2025-12-13 01:00:30,072 INFO o.a.j.r.Summariser: summary =   2214 in 00:04:09 =    8.9/s Avg:   420 Min:    66 Max:  1172 Err:     0 (0.00%)
2025-12-13 01:01:00,095 INFO o.a.j.r.Summariser: summary +    296 in 00:00:30 =    9.9/s Avg:   473 Min:    62 Max:  1025 Err:     0 (0.00%) Active: 30 Started: 30 Finished: 0
2025-12-13 01:01:00,096 INFO o.a.j.r.Summariser: summary =   2510 in 00:04:39 =    9.0/s Avg:   426 Min:    62 Max:  1172 Err:     0 (0.00%)
2025-12-13 01:01:30,271 INFO o.a.j.r.Summariser: summary +    290 in 00:00:30 =    9.6/s Avg:   470 Min:    67 Max:   977 Err:     0 (0.00%) Active: 30 Started: 30 Finished: 0
2025-12-13 01:01:30,273 INFO o.a.j.r.Summariser: summary =   2800 in 00:05:09 =    9.1/s Avg:   431 Min:    62 Max:  1172 Err:     0 (0.00%)
2025-12-13 01:02:00,218 INFO o.a.j.r.Summariser: summary +    297 in 00:00:30 =    9.9/s Avg:   510 Min:    65 Max:  1037 Err:     0 (0.00%) Active: 30 Started: 30 Finished: 0
2025-12-13 01:02:00,219 INFO o.a.j.r.Summariser: summary =   3097 in 00:05:39 =    9.1/s Avg:   438 Min:    62 Max:  1172 Err:     0 (0.00%)
2025-12-13 01:02:30,316 INFO o.a.j.r.Summariser: summary +    267 in 00:00:30 =    8.9/s Avg:   839 Min:    67 Max:  4684 Err:     0 (0.00%) Active: 30 Started: 30 Finished: 0
2025-12-13 01:02:30,317 INFO o.a.j.r.Summariser: summary =   3364 in 00:06:09 =    9.1/s Avg:   470 Min:    62 Max:  4684 Err:     0 (0.00%)
2025-12-13 01:03:00,113 INFO o.a.j.r.Summariser: summary +    288 in 00:00:30 =    9.7/s Avg:   469 Min:    69 Max:   994 Err:     0 (0.00%) Active: 30 Started: 30 Finished: 0
2025-12-13 01:03:00,114 INFO o.a.j.r.Summariser: summary =   3652 in 00:06:39 =    9.2/s Avg:   470 Min:    62 Max:  4684 Err:     0 (0.00%)
2025-12-13 01:03:30,233 INFO o.a.j.r.Summariser: summary +    292 in 00:00:30 =    9.7/s Avg:   510 Min:    71 Max:   995 Err:     0 (0.00%) Active: 30 Started: 30 Finished: 0
2025-12-13 01:03:30,234 INFO o.a.j.r.Summariser: summary =   3944 in 00:07:09 =    9.2/s Avg:   473 Min:    62 Max:  4684 Err:     0 (0.00%)
2025-12-13 01:04:00,189 INFO o.a.j.r.Summariser: summary +    295 in 00:00:30 =    9.8/s Avg:   475 Min:    70 Max:   986 Err:     0 (0.00%) Active: 30 Started: 30 Finished: 0
2025-12-13 01:04:00,189 INFO o.a.j.r.Summariser: summary =   4239 in 00:07:39 =    9.2/s Avg:   473 Min:    62 Max:  4684 Err:     0 (0.00%)
2025-12-13 01:04:30,012 INFO o.a.j.r.Summariser: summary +    295 in 00:00:30 =    9.9/s Avg:   485 Min:    73 Max:   897 Err:     0 (0.00%) Active: 30 Started: 30 Finished: 0
2025-12-13 01:04:30,012 INFO o.a.j.r.Summariser: summary =   4534 in 00:08:09 =    9.3/s Avg:   474 Min:    62 Max:  4684 Err:     0 (0.00%)
2025-12-13 01:05:00,013 INFO o.a.j.r.Summariser: summary +    297 in 00:00:30 =    9.9/s Avg:   421 Min:    70 Max:   987 Err:     0 (0.00%) Active: 30 Started: 30 Finished: 0
2025-12-13 01:05:00,014 INFO o.a.j.r.Summariser: summary =   4831 in 00:08:39 =    9.3/s Avg:   471 Min:    62 Max:  4684 Err:     0 (0.00%)
2025-12-13 01:05:30,014 INFO o.a.j.r.Summariser: summary +    300 in 00:00:30 =   10.0/s Avg:   428 Min:    68 Max:  1040 Err:     0 (0.00%) Active: 30 Started: 30 Finished: 0
2025-12-13 01:05:30,014 INFO o.a.j.r.Summariser: summary =   5131 in 00:09:09 =    9.4/s Avg:   468 Min:    62 Max:  4684 Err:     0 (0.00%)
2025-12-13 01:06:00,082 INFO o.a.j.r.Summariser: summary +    293 in 00:00:30 =    9.7/s Avg:   442 Min:    68 Max:   944 Err:     0 (0.00%) Active: 30 Started: 30 Finished: 0
2025-12-13 01:06:00,083 INFO o.a.j.r.Summariser: summary =   5424 in 00:09:39 =    9.4/s Avg:   467 Min:    62 Max:  4684 Err:     0 (0.00%)
2025-12-13 01:06:30,319 INFO o.a.j.r.Summariser: summary +    300 in 00:00:30 =    9.9/s Avg:   453 Min:    67 Max:   943 Err:     0 (0.00%) Active: 30 Started: 30 Finished: 0
2025-12-13 01:06:30,319 INFO o.a.j.r.Summariser: summary =   5724 in 00:10:09 =    9.4/s Avg:   466 Min:    62 Max:  4684 Err:     0 (0.00%)
2025-12-13 01:07:00,407 INFO o.a.j.r.Summariser: summary +    288 in 00:00:30 =    9.6/s Avg:   495 Min:    66 Max:  1005 Err:     0 (0.00%) Active: 30 Started: 30 Finished: 0
2025-12-13 01:07:00,408 INFO o.a.j.r.Summariser: summary =   6012 in 00:10:39 =    9.4/s Avg:   467 Min:    62 Max:  4684 Err:     0 (0.00%)
2025-12-13 01:07:30,096 INFO o.a.j.r.Summariser: summary +    298 in 00:00:30 =   10.0/s Avg:   452 Min:    69 Max:   855 Err:     0 (0.00%) Active: 30 Started: 30 Finished: 0
2025-12-13 01:07:30,097 INFO o.a.j.r.Summariser: summary =   6310 in 00:11:09 =    9.4/s Avg:   467 Min:    62 Max:  4684 Err:     0 (0.00%)
2025-12-13 01:08:00,101 INFO o.a.j.r.Summariser: summary +    289 in 00:00:30 =    9.6/s Avg:   481 Min:    74 Max:   922 Err:     0 (0.00%) Active: 30 Started: 30 Finished: 0
2025-12-13 01:08:00,101 INFO o.a.j.r.Summariser: summary =   6599 in 00:11:39 =    9.4/s Avg:   467 Min:    62 Max:  4684 Err:     0 (0.00%)
2025-12-13 01:08:30,001 INFO o.a.j.r.Summariser: summary +    297 in 00:00:30 =    9.9/s Avg:   509 Min:    62 Max:  1025 Err:     0 (0.00%) Active: 30 Started: 30 Finished: 0
2025-12-13 01:08:30,001 INFO o.a.j.r.Summariser: summary =   6896 in 00:12:09 =    9.5/s Avg:   469 Min:    62 Max:  4684 Err:     0 (0.00%)
2025-12-13 01:09:00,785 INFO o.a.j.r.Summariser: summary +    288 in 00:00:31 =    9.4/s Avg:   537 Min:    69 Max:  1186 Err:     0 (0.00%) Active: 30 Started: 30 Finished: 0
2025-12-13 01:09:00,785 INFO o.a.j.r.Summariser: summary =   7184 in 00:12:39 =    9.5/s Avg:   472 Min:    62 Max:  4684 Err:     0 (0.00%)
2025-12-13 01:09:30,213 INFO o.a.j.r.Summariser: summary +    289 in 00:00:29 =    9.8/s Avg:   535 Min:    66 Max:  1272 Err:     0 (0.00%) Active: 30 Started: 30 Finished: 0
2025-12-13 01:09:30,214 INFO o.a.j.r.Summariser: summary =   7473 in 00:13:09 =    9.5/s Avg:   474 Min:    62 Max:  4684 Err:     0 (0.00%)
2025-12-13 01:10:00,017 INFO o.a.j.r.Summariser: summary +    299 in 00:00:30 =   10.0/s Avg:   433 Min:    69 Max:   750 Err:     0 (0.00%) Active: 30 Started: 30 Finished: 0
2025-12-13 01:10:00,017 INFO o.a.j.r.Summariser: summary =   7772 in 00:13:39 =    9.5/s Avg:   473 Min:    62 Max:  4684 Err:     0 (0.00%)
2025-12-13 01:10:30,004 INFO o.a.j.r.Summariser: summary +    295 in 00:00:30 =    9.8/s Avg:   449 Min:    66 Max:   946 Err:     0 (0.00%) Active: 30 Started: 30 Finished: 0
2025-12-13 01:10:30,005 INFO o.a.j.r.Summariser: summary =   8067 in 00:14:09 =    9.5/s Avg:   472 Min:    62 Max:  4684 Err:     0 (0.00%)
2025-12-13 01:11:00,264 INFO o.a.j.r.Summariser: summary +    303 in 00:00:30 =   10.0/s Avg:   482 Min:    68 Max:   930 Err:     0 (0.00%) Active: 30 Started: 30 Finished: 0
2025-12-13 01:11:00,264 INFO o.a.j.r.Summariser: summary =   8370 in 00:14:39 =    9.5/s Avg:   472 Min:    62 Max:  4684 Err:     0 (0.00%)
2025-12-13 01:11:30,053 INFO o.a.j.r.Summariser: summary +    288 in 00:00:30 =    9.7/s Avg:   514 Min:    69 Max:  1304 Err:     0 (0.00%) Active: 30 Started: 30 Finished: 0
2025-12-13 01:11:30,053 INFO o.a.j.r.Summariser: summary =   8658 in 00:15:09 =    9.5/s Avg:   473 Min:    62 Max:  4684 Err:     0 (0.00%)
2025-12-13 01:12:00,175 INFO o.a.j.r.Summariser: summary +    291 in 00:00:30 =    9.7/s Avg:   465 Min:    66 Max:   961 Err:     0 (0.00%) Active: 30 Started: 30 Finished: 0
2025-12-13 01:12:00,176 INFO o.a.j.r.Summariser: summary =   8949 in 00:15:39 =    9.5/s Avg:   473 Min:    62 Max:  4684 Err:     0 (0.00%)
2025-12-13 01:12:30,174 INFO o.a.j.r.Summariser: summary +    301 in 00:00:30 =   10.0/s Avg:   451 Min:    67 Max:   820 Err:     0 (0.00%) Active: 30 Started: 30 Finished: 0
2025-12-13 01:12:30,175 INFO o.a.j.r.Summariser: summary =   9250 in 00:16:09 =    9.5/s Avg:   472 Min:    62 Max:  4684 Err:     0 (0.00%)
2025-12-13 01:13:00,185 INFO o.a.j.r.Summariser: summary +    294 in 00:00:30 =    9.8/s Avg:   480 Min:    71 Max:   857 Err:     0 (0.00%) Active: 30 Started: 30 Finished: 0
2025-12-13 01:13:00,186 INFO o.a.j.r.Summariser: summary =   9544 in 00:16:39 =    9.6/s Avg:   473 Min:    62 Max:  4684 Err:     0 (0.00%)
2025-12-13 01:13:30,694 INFO o.a.j.r.Summariser: summary +    297 in 00:00:31 =    9.7/s Avg:   459 Min:    74 Max:   834 Err:     0 (0.00%) Active: 30 Started: 30 Finished: 0
2025-12-13 01:13:30,694 INFO o.a.j.r.Summariser: summary =   9841 in 00:17:09 =    9.6/s Avg:   472 Min:    62 Max:  4684 Err:     0 (0.00%)
2025-12-13 01:14:00,349 INFO o.a.j.r.Summariser: summary +    291 in 00:00:30 =    9.8/s Avg:   450 Min:    71 Max:   809 Err:     0 (0.00%) Active: 30 Started: 30 Finished: 0
2025-12-13 01:14:00,349 INFO o.a.j.r.Summariser: summary =  10132 in 00:17:39 =    9.6/s Avg:   472 Min:    62 Max:  4684 Err:     0 (0.00%)
2025-12-13 01:14:30,144 INFO o.a.j.r.Summariser: summary +    292 in 00:00:30 =    9.8/s Avg:   458 Min:    69 Max:   848 Err:     0 (0.00%) Active: 30 Started: 30 Finished: 0
2025-12-13 01:14:30,144 INFO o.a.j.r.Summariser: summary =  10424 in 00:18:09 =    9.6/s Avg:   471 Min:    62 Max:  4684 Err:     0 (0.00%)
2025-12-13 01:15:00,149 INFO o.a.j.r.Summariser: summary +    306 in 00:00:30 =   10.2/s Avg:   426 Min:    70 Max:   769 Err:     0 (0.00%) Active: 30 Started: 30 Finished: 0
2025-12-13 01:15:00,150 INFO o.a.j.r.Summariser: summary =  10730 in 00:18:39 =    9.6/s Avg:   470 Min:    62 Max:  4684 Err:     0 (0.00%)
2025-12-13 01:15:30,026 INFO o.a.j.r.Summariser: summary +    300 in 00:00:30 =   10.0/s Avg:   404 Min:    70 Max:   785 Err:     0 (0.00%) Active: 30 Started: 30 Finished: 0
2025-12-13 01:15:30,026 INFO o.a.j.r.Summariser: summary =  11030 in 00:19:09 =    9.6/s Avg:   468 Min:    62 Max:  4684 Err:     0 (0.00%)
2025-12-13 01:16:00,525 INFO o.a.j.r.Summariser: summary +    300 in 00:00:30 =    9.8/s Avg:   420 Min:    69 Max:   820 Err:     0 (0.00%) Active: 30 Started: 30 Finished: 0
2025-12-13 01:16:00,525 INFO o.a.j.r.Summariser: summary =  11330 in 00:19:39 =    9.6/s Avg:   467 Min:    62 Max:  4684 Err:     0 (0.00%)
2025-12-13 01:16:30,246 INFO o.a.j.r.Summariser: summary +    294 in 00:00:30 =    9.9/s Avg:   468 Min:    62 Max:   871 Err:     0 (0.00%) Active: 30 Started: 30 Finished: 0
2025-12-13 01:16:30,246 INFO o.a.j.r.Summariser: summary =  11624 in 00:20:09 =    9.6/s Avg:   467 Min:    62 Max:  4684 Err:     0 (0.00%)
2025-12-13 01:17:00,024 INFO o.a.j.r.Summariser: summary +    291 in 00:00:30 =    9.8/s Avg:   504 Min:    69 Max:   923 Err:     0 (0.00%) Active: 30 Started: 30 Finished: 0
2025-12-13 01:17:00,025 INFO o.a.j.r.Summariser: summary =  11915 in 00:20:39 =    9.6/s Avg:   468 Min:    62 Max:  4684 Err:     0 (0.00%)
2025-12-13 01:17:30,064 INFO o.a.j.r.Summariser: summary +    287 in 00:00:30 =    9.6/s Avg:   500 Min:    62 Max:  1223 Err:     0 (0.00%) Active: 30 Started: 30 Finished: 0
2025-12-13 01:17:30,065 INFO o.a.j.r.Summariser: summary =  12202 in 00:21:09 =    9.6/s Avg:   469 Min:    62 Max:  4684 Err:     0 (0.00%)
2025-12-13 01:18:00,003 INFO o.a.j.r.Summariser: summary +    294 in 00:00:30 =    9.8/s Avg:   615 Min:    63 Max:  2311 Err:     0 (0.00%) Active: 30 Started: 30 Finished: 0
2025-12-13 01:18:00,003 INFO o.a.j.r.Summariser: summary =  12496 in 00:21:39 =    9.6/s Avg:   472 Min:    62 Max:  4684 Err:     0 (0.00%)
2025-12-13 01:18:30,217 INFO o.a.j.r.Summariser: summary +    288 in 00:00:30 =    9.5/s Avg:   525 Min:    58 Max:  1058 Err:     0 (0.00%) Active: 30 Started: 30 Finished: 0
2025-12-13 01:18:30,218 INFO o.a.j.r.Summariser: summary =  12784 in 00:22:09 =    9.6/s Avg:   473 Min:    58 Max:  4684 Err:     0 (0.00%)
2025-12-13 01:19:00,156 INFO o.a.j.r.Summariser: summary +    295 in 00:00:30 =    9.9/s Avg:   465 Min:    63 Max:   956 Err:     0 (0.00%) Active: 30 Started: 30 Finished: 0
2025-12-13 01:19:00,156 INFO o.a.j.r.Summariser: summary =  13079 in 00:22:39 =    9.6/s Avg:   473 Min:    58 Max:  4684 Err:     0 (0.00%)
2025-12-13 01:19:30,184 INFO o.a.j.r.Summariser: summary +    297 in 00:00:30 =    9.9/s Avg:   432 Min:    57 Max:   716 Err:     0 (0.00%) Active: 30 Started: 30 Finished: 0
2025-12-13 01:19:30,184 INFO o.a.j.r.Summariser: summary =  13376 in 00:23:09 =    9.6/s Avg:   472 Min:    57 Max:  4684 Err:     0 (0.00%)
2025-12-13 01:20:00,093 INFO o.a.j.r.Summariser: summary +    301 in 00:00:30 =   10.1/s Avg:   411 Min:    62 Max:   769 Err:     0 (0.00%) Active: 30 Started: 30 Finished: 0
2025-12-13 01:20:00,094 INFO o.a.j.r.Summariser: summary =  13677 in 00:23:39 =    9.6/s Avg:   471 Min:    57 Max:  4684 Err:     0 (0.00%)
2025-12-13 01:20:30,195 INFO o.a.j.r.Summariser: summary +    301 in 00:00:30 =   10.0/s Avg:   446 Min:    67 Max:   872 Err:     0 (0.00%) Active: 30 Started: 30 Finished: 0
2025-12-13 01:20:30,195 INFO o.a.j.r.Summariser: summary =  13978 in 00:24:09 =    9.6/s Avg:   470 Min:    57 Max:  4684 Err:     0 (0.00%)
2025-12-13 01:21:00,289 INFO o.a.j.r.Summariser: summary +    296 in 00:00:30 =    9.8/s Avg:   499 Min:    72 Max:  1056 Err:     0 (0.00%) Active: 30 Started: 30 Finished: 0
2025-12-13 01:21:00,291 INFO o.a.j.r.Summariser: summary =  14274 in 00:24:39 =    9.7/s Avg:   471 Min:    57 Max:  4684 Err:     0 (0.00%)
2025-12-13 01:21:30,141 INFO o.a.j.r.Summariser: summary +    289 in 00:00:30 =    9.7/s Avg:   467 Min:    61 Max:  1030 Err:     0 (0.00%) Active: 30 Started: 30 Finished: 0
2025-12-13 01:21:30,141 INFO o.a.j.r.Summariser: summary =  14563 in 00:25:09 =    9.7/s Avg:   471 Min:    57 Max:  4684 Err:     0 (0.00%)
2025-12-13 01:22:00,089 INFO o.a.j.r.Summariser: summary +    301 in 00:00:30 =   10.1/s Avg:   439 Min:    61 Max:   867 Err:     0 (0.00%) Active: 30 Started: 30 Finished: 0
2025-12-13 01:22:00,089 INFO o.a.j.r.Summariser: summary =  14864 in 00:25:39 =    9.7/s Avg:   470 Min:    57 Max:  4684 Err:     0 (0.00%)
2025-12-13 01:22:30,005 INFO o.a.j.r.Summariser: summary +    292 in 00:00:30 =    9.8/s Avg:   456 Min:    60 Max:   944 Err:     0 (0.00%) Active: 30 Started: 30 Finished: 0
2025-12-13 01:22:30,005 INFO o.a.j.r.Summariser: summary =  15156 in 00:26:09 =    9.7/s Avg:   470 Min:    57 Max:  4684 Err:     0 (0.00%)
2025-12-13 01:23:00,225 INFO o.a.j.r.Summariser: summary +    292 in 00:00:30 =    9.7/s Avg:   477 Min:    67 Max:  1241 Err:     0 (0.00%) Active: 30 Started: 30 Finished: 0
2025-12-13 01:23:00,228 INFO o.a.j.r.Summariser: summary =  15448 in 00:26:39 =    9.7/s Avg:   470 Min:    57 Max:  4684 Err:     0 (0.00%)
2025-12-13 01:23:30,010 INFO o.a.j.r.Summariser: summary +    299 in 00:00:30 =   10.0/s Avg:   535 Min:    57 Max:  2034 Err:     0 (0.00%) Active: 30 Started: 30 Finished: 0
2025-12-13 01:23:30,011 INFO o.a.j.r.Summariser: summary =  15747 in 00:27:09 =    9.7/s Avg:   471 Min:    57 Max:  4684 Err:     0 (0.00%)
2025-12-13 01:24:00,465 INFO o.a.j.r.Summariser: summary +    294 in 00:00:30 =    9.7/s Avg:   453 Min:    72 Max:   830 Err:     0 (0.00%) Active: 30 Started: 30 Finished: 0
2025-12-13 01:24:00,465 INFO o.a.j.r.Summariser: summary =  16041 in 00:27:39 =    9.7/s Avg:   471 Min:    57 Max:  4684 Err:     0 (0.00%)
2025-12-13 01:24:30,001 INFO o.a.j.r.Summariser: summary +    299 in 00:00:30 =   10.1/s Avg:   455 Min:    64 Max:   847 Err:     0 (0.00%) Active: 30 Started: 30 Finished: 0
2025-12-13 01:24:30,001 INFO o.a.j.r.Summariser: summary =  16340 in 00:28:09 =    9.7/s Avg:   471 Min:    57 Max:  4684 Err:     0 (0.00%)
2025-12-13 01:25:00,224 INFO o.a.j.r.Summariser: summary +    295 in 00:00:30 =    9.8/s Avg:   472 Min:    62 Max:   952 Err:     0 (0.00%) Active: 30 Started: 30 Finished: 0
2025-12-13 01:25:00,225 INFO o.a.j.r.Summariser: summary =  16635 in 00:28:39 =    9.7/s Avg:   471 Min:    57 Max:  4684 Err:     0 (0.00%)
2025-12-13 01:25:30,030 INFO o.a.j.r.Summariser: summary +    296 in 00:00:30 =    9.9/s Avg:   435 Min:    60 Max:   856 Err:     0 (0.00%) Active: 30 Started: 30 Finished: 0
2025-12-13 01:25:30,031 INFO o.a.j.r.Summariser: summary =  16931 in 00:29:09 =    9.7/s Avg:   470 Min:    57 Max:  4684 Err:     0 (0.00%)
2025-12-13 01:26:00,009 INFO o.a.j.r.Summariser: summary +    300 in 00:00:30 =   10.0/s Avg:   421 Min:    65 Max:   783 Err:     0 (0.00%) Active: 30 Started: 30 Finished: 0
2025-12-13 01:26:00,009 INFO o.a.j.r.Summariser: summary =  17231 in 00:29:39 =    9.7/s Avg:   469 Min:    57 Max:  4684 Err:     0 (0.00%)
2025-12-13 01:26:18,960 INFO o.a.j.t.JMeterThread: Thread finished: 2. Search Products 2-11
2025-12-13 01:26:18,976 INFO o.a.j.t.JMeterThread: Thread finished: 2. Search Products 2-5
2025-12-13 01:26:19,158 INFO o.a.j.t.JMeterThread: Thread finished: 2. Search Products 2-3
2025-12-13 01:26:19,168 INFO o.a.j.t.JMeterThread: Thread finished: 2. Search Products 2-14
2025-12-13 01:26:19,176 INFO o.a.j.t.JMeterThread: Thread finished: 3. Add to Cart Flow 3-5
2025-12-13 01:26:19,232 INFO o.a.j.t.JMeterThread: Thread finished: 3. Add to Cart Flow 3-1
2025-12-13 01:26:19,268 INFO o.a.j.t.JMeterThread: Thread finished: 2. Search Products 2-7
2025-12-13 01:26:19,515 INFO o.a.j.t.JMeterThread: Thread finished: 1. Browse Products 1-10
2025-12-13 01:26:19,517 INFO o.a.j.t.JMeterThread: Thread finished: 1. Browse Products 1-8
2025-12-13 01:26:19,744 INFO o.a.j.t.JMeterThread: Thread finished: 3. Add to Cart Flow 3-2
2025-12-13 01:26:19,755 INFO o.a.j.t.JMeterThread: Thread finished: 2. Search Products 2-8
2025-12-13 01:26:19,769 INFO o.a.j.t.JMeterThread: Thread finished: 3. Add to Cart Flow 3-4
2025-12-13 01:26:19,808 INFO o.a.j.t.JMeterThread: Thread finished: 2. Search Products 2-2
2025-12-13 01:26:20,185 INFO o.a.j.t.JMeterThread: Thread finished: 2. Search Products 2-12
2025-12-13 01:26:20,252 INFO o.a.j.t.JMeterThread: Thread finished: 2. Search Products 2-15
2025-12-13 01:26:20,302 INFO o.a.j.t.JMeterThread: Thread finished: 2. Search Products 2-13
2025-12-13 01:26:20,482 INFO o.a.j.t.JMeterThread: Thread finished: 1. Browse Products 1-4
2025-12-13 01:26:20,628 INFO o.a.j.t.JMeterThread: Thread finished: 1. Browse Products 1-5
2025-12-13 01:26:20,739 INFO o.a.j.t.JMeterThread: Thread finished: 3. Add to Cart Flow 3-3
2025-12-13 01:26:20,796 INFO o.a.j.t.JMeterThread: Thread finished: 2. Search Products 2-10
2025-12-13 01:26:20,802 INFO o.a.j.t.JMeterThread: Thread finished: 2. Search Products 2-6
2025-12-13 01:26:21,292 INFO o.a.j.t.JMeterThread: Thread finished: 1. Browse Products 1-9
2025-12-13 01:26:21,475 INFO o.a.j.t.JMeterThread: Stopping because end time detected by thread: 1. Browse Products 1-6
2025-12-13 01:26:21,475 INFO o.a.j.t.JMeterThread: Thread finished: 1. Browse Products 1-6
2025-12-13 01:26:21,569 INFO o.a.j.t.JMeterThread: Stopping because end time detected by thread: 1. Browse Products 1-7
2025-12-13 01:26:21,569 INFO o.a.j.t.JMeterThread: Thread finished: 1. Browse Products 1-7
2025-12-13 01:26:21,588 INFO o.a.j.t.JMeterThread: Stopping because end time detected by thread: 1. Browse Products 1-1
2025-12-13 01:26:21,588 INFO o.a.j.t.JMeterThread: Thread finished: 1. Browse Products 1-1
2025-12-13 01:26:21,615 INFO o.a.j.t.JMeterThread: Stopping because end time detected by thread: 1. Browse Products 1-3
2025-12-13 01:26:21,615 INFO o.a.j.t.JMeterThread: Thread finished: 1. Browse Products 1-3
2025-12-13 01:26:21,716 INFO o.a.j.t.JMeterThread: Stopping because end time detected by thread: 2. Search Products 2-4
2025-12-13 01:26:21,716 INFO o.a.j.t.JMeterThread: Thread finished: 2. Search Products 2-4
2025-12-13 01:26:21,751 INFO o.a.j.t.JMeterThread: Stopping because end time detected by thread: 2. Search Products 2-9
2025-12-13 01:26:21,751 INFO o.a.j.t.JMeterThread: Thread finished: 2. Search Products 2-9
2025-12-13 01:26:21,755 INFO o.a.j.t.JMeterThread: Stopping because end time detected by thread: 1. Browse Products 1-2
2025-12-13 01:26:21,756 INFO o.a.j.t.JMeterThread: Thread finished: 1. Browse Products 1-2
2025-12-13 01:26:21,766 INFO o.a.j.t.JMeterThread: Stopping because end time detected by thread: 2. Search Products 2-1
2025-12-13 01:26:21,766 INFO o.a.j.t.JMeterThread: Thread finished: 2. Search Products 2-1
2025-12-13 01:26:21,766 INFO o.a.j.e.StandardJMeterEngine: Notifying test listeners of end of test
2025-12-13 01:26:21,768 INFO o.a.j.r.Summariser: summary +    221 in 00:00:22 =   10.2/s Avg:   412 Min:    69 Max:   804 Err:     0 (0.00%) Active: 0 Started: 30 Finished: 30
2025-12-13 01:26:21,768 INFO o.a.j.r.Summariser: summary =  17452 in 00:30:00 =    9.7/s Avg:   468 Min:    57 Max:  4684 Err:     0 (0.00%)
2025-12-13 01:26:21,769 INFO o.a.j.JMeter: Generating Dashboard
2025-12-13 01:26:21,769 INFO o.a.j.r.d.ReportGenerator: Flushing result collector before report Generation
2025-12-13 01:26:21,812 INFO o.a.j.r.p.NormalizerSampleConsumer: Using format, 'ms', to parse timeStamp field
2025-12-13 01:26:22,354 INFO o.a.j.r.p.AbstractSampleConsumer: class org.apache.jmeter.report.processor.AggregateConsumer#stopProducing(): beginDate produced 0 samples
2025-12-13 01:26:22,354 INFO o.a.j.r.p.AbstractSampleConsumer: class org.apache.jmeter.report.processor.AggregateConsumer#stopProducing(): endDate produced 0 samples
2025-12-13 01:26:22,356 INFO o.a.j.r.p.AbstractSampleConsumer: class org.apache.jmeter.report.processor.ApdexSummaryConsumer#stopProducing(): apdexSummary produced 0 samples
2025-12-13 01:26:22,356 INFO o.a.j.r.p.AbstractSampleConsumer: class org.apache.jmeter.report.processor.RequestsSummaryConsumer#stopProducing(): requestsSummary produced 0 samples
2025-12-13 01:26:22,373 INFO o.a.j.r.p.AbstractSampleConsumer: class org.apache.jmeter.report.processor.StatisticsSummaryConsumer#stopProducing(): statisticsSummary produced 0 samples
2025-12-13 01:26:22,375 INFO o.a.j.r.p.AbstractSampleConsumer: class org.apache.jmeter.report.processor.Top5ErrorsBySamplerConsumer#stopProducing(): top5ErrorsBySampler produced 0 samples
2025-12-13 01:26:22,375 INFO o.a.j.r.p.AbstractSampleConsumer: class org.apache.jmeter.report.processor.ErrorsSummaryConsumer#stopProducing(): errorsSummary produced 0 samples
2025-12-13 01:26:22,375 INFO o.a.j.r.p.AbstractSampleConsumer: class org.apache.jmeter.report.processor.graph.impl.HitsPerSecondGraphConsumer#stopProducing(): hitsPerSecond produced 0 samples
2025-12-13 01:26:22,546 INFO o.a.j.r.p.AbstractSampleConsumer: class org.apache.jmeter.report.processor.graph.impl.LatencyVSRequestGraphConsumer#stopProducing(): latencyVsRequest produced 0 samples
2025-12-13 01:26:22,548 INFO o.a.j.r.p.AbstractSampleConsumer: class org.apache.jmeter.report.processor.graph.impl.SyntheticResponseTimeDistributionGraphConsumer#stopProducing(): syntheticResponseTimeDistribution produced 0 samples
2025-12-13 01:26:22,548 INFO o.a.j.r.p.AbstractSampleConsumer: class org.apache.jmeter.report.processor.graph.impl.BytesThroughputGraphConsumer#stopProducing(): bytesThroughputOverTime produced 0 samples
2025-12-13 01:26:22,548 INFO o.a.j.r.p.AbstractSampleConsumer: class org.apache.jmeter.report.processor.graph.impl.CodesPerSecondGraphConsumer#stopProducing(): codesPerSecond produced 0 samples
2025-12-13 01:26:22,643 INFO o.a.j.r.p.AbstractSampleConsumer: class org.apache.jmeter.report.processor.graph.impl.ResponseTimeVSRequestGraphConsumer#stopProducing(): responseTimeVsRequest produced 0 samples
2025-12-13 01:26:22,644 INFO o.a.j.r.p.AbstractSampleConsumer: class org.apache.jmeter.report.processor.FilterConsumer#stopProducing(): startIntervalControlerFilter produced 122164 samples
2025-12-13 01:26:22,644 INFO o.a.j.r.p.AbstractSampleConsumer: class org.apache.jmeter.report.processor.graph.impl.TotalTPSGraphConsumer#stopProducing(): totalTPS produced 0 samples
2025-12-13 01:26:22,644 INFO o.a.j.r.p.AbstractSampleConsumer: class org.apache.jmeter.report.processor.graph.impl.ActiveThreadsGraphConsumer#stopProducing(): activeThreadsOverTime produced 0 samples
2025-12-13 01:26:22,644 INFO o.a.j.r.p.AbstractSampleConsumer: class org.apache.jmeter.report.processor.graph.impl.TimeVSThreadGraphConsumer#stopProducing(): timeVsThreads produced 0 samples
2025-12-13 01:26:22,644 INFO o.a.j.r.p.AbstractSampleConsumer: class org.apache.jmeter.report.processor.graph.impl.ResponseTimeDistributionGraphConsumer#stopProducing(): responseTimeDistribution produced 0 samples
2025-12-13 01:26:22,645 INFO o.a.j.r.p.AbstractSampleConsumer: class org.apache.jmeter.report.processor.graph.impl.TransactionsPerSecondGraphConsumer#stopProducing(): transactionsPerSecond produced 0 samples
2025-12-13 01:26:22,645 INFO o.a.j.r.p.AbstractSampleConsumer: class org.apache.jmeter.report.processor.graph.impl.ResponseTimePercentilesGraphConsumer#stopProducing(): responseTimePercentiles produced 0 samples
2025-12-13 01:26:22,651 INFO o.a.j.r.p.AbstractSampleConsumer: class org.apache.jmeter.report.processor.graph.impl.ResponseTimePercentilesOverTimeGraphConsumer#stopProducing(): responseTimePercentilesOverTime produced 0 samples
2025-12-13 01:26:22,653 INFO o.a.j.r.p.AbstractSampleConsumer: class org.apache.jmeter.report.processor.graph.impl.ResponseTimeOverTimeGraphConsumer#stopProducing(): responseTimesOverTime produced 0 samples
2025-12-13 01:26:22,654 INFO o.a.j.r.p.AbstractSampleConsumer: class org.apache.jmeter.report.processor.graph.impl.ConnectTimeOverTimeGraphConsumer#stopProducing(): connectTimeOverTime produced 0 samples
2025-12-13 01:26:22,655 INFO o.a.j.r.p.AbstractSampleConsumer: class org.apache.jmeter.report.processor.graph.impl.LatencyOverTimeGraphConsumer#stopProducing(): latenciesOverTime produced 0 samples
2025-12-13 01:26:22,655 INFO o.a.j.r.p.AbstractSampleConsumer: class org.apache.jmeter.report.processor.FilterConsumer#stopProducing(): nameFilter produced 261780 samples
2025-12-13 01:26:22,655 INFO o.a.j.r.p.AbstractSampleConsumer: class org.apache.jmeter.report.processor.FilterConsumer#stopProducing(): dateRangeFilter produced 52356 samples
2025-12-13 01:26:22,655 INFO o.a.j.r.p.AbstractSampleConsumer: class org.apache.jmeter.report.processor.NormalizerSampleConsumer#stopProducing(): normalizer produced 17452 samples
2025-12-13 01:26:22,655 INFO o.a.j.r.p.CsvFileSampleSource: produce(): 17452 samples produced in 812ms on channel 0
2025-12-13 01:26:22,655 INFO o.a.j.r.d.ReportGenerator: Exporting data using exporter:'json' of className:'org.apache.jmeter.report.dashboard.JsonExporter'
2025-12-13 01:26:22,727 INFO o.a.j.r.d.JsonExporter: Found data for consumer statisticsSummary in context
2025-12-13 01:26:22,727 INFO o.a.j.r.d.JsonExporter: Creating statistics for overall
2025-12-13 01:26:22,727 INFO o.a.j.r.d.JsonExporter: Creating statistics for other transactions
2025-12-13 01:26:22,728 INFO o.a.j.r.d.JsonExporter: Checking output folder
2025-12-13 01:26:22,728 INFO o.a.j.r.d.JsonExporter: Writing statistics JSON to C:\Users\Tumki\OneDrive\Документи\GitHub\JavaATProject\jmeter-report\statistics.json
2025-12-13 01:26:22,778 INFO o.a.j.r.d.ReportGenerator: Exporting data using exporter:'html' of className:'org.apache.jmeter.report.dashboard.HtmlTemplateExporter'
2025-12-13 01:26:22,781 INFO o.a.j.r.d.HtmlTemplateExporter: Will generate dashboard in folder: C:\Users\Tumki\OneDrive\Документи\GitHub\JavaATProject\jmeter-report
2025-12-13 01:26:22,905 INFO o.a.j.r.d.HtmlTemplateExporter: Report will be generated in: C:\Users\Tumki\OneDrive\Документи\GitHub\JavaATProject\jmeter-report, creating folder structure
2025-12-13 01:26:22,908 INFO o.a.j.r.d.TemplateVisitor: Copying folder from 'C:\apache-jmeter-5.6.3\bin\report-template' to 'C:\Users\Tumki\OneDrive\Документи\GitHub\JavaATProject\jmeter-report', got message: C:\Users\Tumki\OneDrive\Документи\GitHub\JavaATProject\jmeter-report, found non empty folder with following content [C:\Users\Tumki\OneDrive\Документи\GitHub\JavaATProject\jmeter-report\statistics.json], will be ignored
2025-12-13 01:26:23,289 INFO o.a.j.JMeter: Dashboard generated
